----------------------------------------------------------------
            sw4 version 2.2-alpha

 This program comes with ABSOLUTELY NO WARRANTY; released under GPL.
 This is free software, and you are welcome to redistribute     
 it under certain conditions, see LICENSE.txt for more details  
----------------------------------------------------------------
  Compiled on: Wed Jun 12 15:50:55 PDT 2019
  By user:     houhun
  Machine:     cori04
  Compiler:    /opt/cray/pe/craype/2.5.15/bin/CC
  3rd party include dir: /global/project/projectdirs/m3354/sw4/cori-knl/include, and library dir: /global/project/projectdirs/m3354/sw4/cori-knl/lib
----------------------------------------------------------------

Input file: 1KMCube10MESSI.sw4input
Default Supergrid thickness has been tuned; # grid points = 30 grid sizes
Default Supergrid damping coefficient has been tuned; damping coefficient = 2.00000000e-02

* Processing the grid command...
* Setting nx to 201 to be consistent with h=5.00000000e+00
* Setting ny to 201 to be consistent with h=5.00000000e+00
* Setting nz to 201 to be consistent with h=5.00000000e+00
Extent of the computational domain xmax=1.00000000e+03 ymax=1.00000000e+03 zmax=1.00000000e+03

*** No topography command found in input file. Using z=0 as free surface boundary ***


Global grid sizes (without ghost points)
Grid         h        Nx        Ny        Nz       Points
   0         5       201       201       201      8120601
Total number of grid points (without ghost points): 8.1206e+06



   Execution time, reading input file 8.54126787e+00 seconds 
  Using Bjorn's fast (parallel) IO library
Assuming a PARALLEL file system
Writing images from (up to) 32 procs
Detected at least one boundary with supergrid conditions
----------------------------------------------------
 Making Directory: simple1KMCube.sw4output/
		
... Done!
----------------------------------------------------
Geographic and Cartesian coordinates of the corners of the computational grid:
0: Lon= -1.222463e+02, Lat=3.786980e+01, x=-1.396984e-09, y=2.255547e-09
1: Lon= -1.222462e+02, Lat=3.787881e+01, x=1.000000e+03, y=3.696186e-09
2: Lon= -1.222348e+02, Lat=3.787874e+01, x=1.000000e+03, y=1.000000e+03
3: Lon= -1.222349e+02, Lat=3.786973e+01, x=-1.280569e-09, y=1.000000e+03

Considering all material blocks
block command: outside = 161604, material = 8120601

       ----------- Material properties ranges ---------------
       2.00000000e+03 kg/m^3 <=  Density <= 2.00000000e+03 kg/m^3
       1.60000000e+03 m/s    <=  Vp      <= 1.60000000e+03 m/s
       4.25000000e+02 m/s    <=  Vs      <= 4.25000000e+02 m/s
       3.76470588e+00        <=  Vp/Vs   <= 3.76470588e+00
       3.61250000e+08 Pa     <=  mu      <= 3.61250000e+08 Pa
       4.39750000e+09 Pa     <=  lambda  <= 4.39750000e+09 Pa
       Using attenuation 
       2.12000000e+01        <=  Qs      <= 2.12000000e+01  
       4.25000000e+01        <=  Qp      <= 4.25000000e+01  
       ------------------------------------------------------

***** PPW = minVs/h/maxFrequency ********
g=0, h=5.000000e+00, minVs/h=85 (Cartesian)


*** Attenuation parameters calculated for 3 mechanisms,
      max freq=5.312500e+00 [Hz], min_freq=5.312500e-02 [Hz], velo_freq=2.500000e+00 [Hz]

omega[0]=3.337942e-01 omega[1]=3.337942e+00 omega[2]=3.337942e+01 
omc[0]=3.337942e-01 omc[1]=1.055550e+00 omc[2]=3.337942e+00 omc[3]=1.055550e+01 omc[4]=3.337942e+01 

  Assigned material properties
*** computing the time step ***
TIME accuracy order=4 CFL=1.30000000e+00 prel. time step=3.52400938e-03
*** Initialized Images
 Min source z-level: 6.000000e+02, max source z-level: 6.000000e+02
Filter precursor = 5.078277e-01

   Execution time, start up phase 1.77013087e+00 seconds 

----------------------------------------
          Setup time summary (average)
SBP+SG      BndryWind  InitPath  SetElastic  EvalResol  ViscoElastic  CheckPnt     DT     Image     SrcPrep
5.405e-05  2.099e-04  2.360e-01  4.406e-02  2.719e-04  1.252e+00  1.862e-05  1.149e-01  1.212e-01  1.610e-03  
Running sw4 on 256 processors, using 2 threads/processor...
Writing output to directory: simple1KMCube.sw4output/
Lowpass filtering all source time functions to corner frequency fc2=5.312500e+00

***  Starting solve ***
============================================================
 Running program on 256 MPI tasks using the following data: 

 Start Time = 0 Goal Time = 5
 Number of time steps = 1419 dt: 0.00352361

============================================================
 Global boundary conditions 
      x=0    supergrid
      x=xMax supergrid
      y=0    supergrid
      y=yMax supergrid
      z=topo free surface
      z=zMax supergrid


*** WARNING: the 2 pass prefilter has an estimated precursor of length 5.078277e-01 s
*** To avoid artifacts due to sudden startup, increase t0 in the source named 'Gaussian' by at least 4.628898e-01


-----------------------------------------------------------------------
  Total seismic moment (M0): 5e+15 Nm 
  Moment magnitude     (Mw): 4.39931
  Number of moment sources 1
-----------------------------------------------------------------------
  Initial data has been assigned
writing image plane on file simple1KMCube.sw4output/image.cycle=0000.z=0.s.sw4img
writing image plane on file simple1KMCube.sw4output/image.cycle=0000.z=10.s.sw4img
writing image plane on file simple1KMCube.sw4output/image.cycle=0000.z=20.s.sw4img
writing image plane on file simple1KMCube.sw4output/image.cycle=0000.z=30.s.sw4img
writing image plane on file simple1KMCube.sw4output/image.cycle=0000.y=1000.s.sw4img
writing image plane on file simple1KMCube.sw4output/image.cycle=0000.z=0.p.sw4img
writing image plane on file simple1KMCube.sw4output/image.cycle=0000.z=0.rho.sw4img
writing image plane on file simple1KMCube.sw4output/image.cycle=0000.z=0.lon.sw4img
writing image plane on file simple1KMCube.sw4output/image.cycle=0000.z=0.lat.sw4img
writing image plane on file simple1KMCube.sw4output/image.cycle=0000.z=0.mag.sw4img

Reporting SW4 internal flags and settings:
m_testing=no, twilight=no, point_source=no, moment_test=no, energy_test=no, lamb_test=no, rayleigh_test=no
m_use_supergrid=yes
End report of internal flags and settings


   Execution time, initial data phase 4.966e+00 seconds 

  Begin time stepping...
writing image plane on file simple1KMCube.sw4output/image.cycle=0568.z=0.mag.sw4img
writing image plane on file simple1KMCube.sw4output/image.cycle=1135.z=0.mag.sw4img
Time step       1  t =   3.5236082e-03
Time step     101  t =   3.5588443e-01
Time step     201  t =   7.0824524e-01
Time step     301  t =   1.0606061e+00
Time step     401  t =   1.4129669e+00
Time step     501  t =   1.7653277e+00
Time step     601  t =   2.1176885e+00
Time step     701  t =   2.4700493e+00
Time step     801  t =   2.8224101e+00
Time step     901  t =   3.1747710e+00
Time step    1001  t =   3.5271318e+00
Time step    1101  t =   3.8794926e+00
Time step    1201  t =   4.2318534e+00
Time step    1301  t =   4.5842142e+00
Time step    1401  t =   4.9365751e+00
Time step    1419  t =   5.0000000e+00
  Time stepping finished...

   Execution time, time stepping phase 1 minute  3.924e+01 seconds 

----------------------------------------
          Execution time summary (average)
Total      Div-stress Forcing    BC         SG         Comm.      MR       Img+T-Series Updates    ESSI
9.923e+01  2.514e+01  3.550e-01  6.250e-01  1.933e+00  6.305e+01  1.025e-02  1.381e+00  6.725e+00  3.235e-03  
----------------------------------------

============================================================
 program sw4 finished! 
============================================================
