----------------------------------------------------------------
            sw4 version 2.2-alpha

 This program comes with ABSOLUTELY NO WARRANTY; released under GPL.
 This is free software, and you are welcome to redistribute     
 it under certain conditions, see LICENSE.txt for more details  
----------------------------------------------------------------
  Compiled on: Tue Jun 11 12:52:40 PDT 2019
  By user:     houhun
  Machine:     cori04
  Compiler:    /opt/cray/pe/craype/2.5.15/bin/CC
  3rd party include dir: /global/project/projectdirs/m3354/sw4/cori-knl/include, and library dir: /global/project/projectdirs/m3354/sw4/cori-knl/lib
----------------------------------------------------------------

Input file: 5mHomogenous1X3X6.sw4input
Default Supergrid thickness has been tuned; # grid points = 30 grid sizes
Default Supergrid damping coefficient has been tuned; damping coefficient = 2.00000000e-02

* Processing the grid command...
* Setting nx to 201 to be consistent with h=5.00000000e+00
* Setting ny to 601 to be consistent with h=5.00000000e+00
* Setting nz to 1201 to be consistent with h=5.00000000e+00
Extent of the computational domain xmax=1.00000000e+03 ymax=3.00000000e+03 zmax=6.00000000e+03

*** No topography command found in input file. Using z=0 as free surface boundary ***


Global grid sizes (without ghost points)
Grid         h        Nx        Ny        Nz       Points
   0         5       201       601      1201    145082001
Total number of grid points (without ghost points): 1.45082e+08



   Execution time, reading input file 1.23550892e-01 seconds 
  Using Bjorn's fast (parallel) IO library
Assuming a PARALLEL file system
Writing images from (up to) 32 procs
Detected at least one boundary with supergrid conditions
----------------------------------------------------
 Making Directory: 1X3X6SimpleSource.sw4output/
		
... Done!
----------------------------------------------------
Geographic and Cartesian coordinates of the corners of the computational grid:
0: Lon= -1.222463e+02, Lat=3.786980e+01, x=-1.396984e-09, y=2.255547e-09
1: Lon= -1.222462e+02, Lat=3.787881e+01, x=1.000000e+03, y=3.696186e-09
2: Lon= -1.222121e+02, Lat=3.787859e+01, x=1.000000e+03, y=3.000000e+03
3: Lon= -1.222122e+02, Lat=3.786958e+01, x=-1.455192e-09, y=3.000000e+03

Considering all material blocks
block command: outside = 483204, material = 145082001

       ----------- Material properties ranges ---------------
       2.00000000e+03 kg/m^3 <=  Density <= 2.00000000e+03 kg/m^3
       1.60000000e+03 m/s    <=  Vp      <= 1.60000000e+03 m/s
       4.25000000e+02 m/s    <=  Vs      <= 4.25000000e+02 m/s
       3.76470588e+00        <=  Vp/Vs   <= 3.76470588e+00
       3.61250000e+08 Pa     <=  mu      <= 3.61250000e+08 Pa
       4.39750000e+09 Pa     <=  lambda  <= 4.39750000e+09 Pa
       Using attenuation 
       2.12000000e+01        <=  Qs      <= 2.12000000e+01  
       4.25000000e+01        <=  Qp      <= 4.25000000e+01  
       ------------------------------------------------------

***** PPW = minVs/h/maxFrequency ********
g=0, h=5.000000e+00, minVs/h=85 (Cartesian)


*** Attenuation parameters calculated for 3 mechanisms,
      max freq=5.312500e+00 [Hz], min_freq=5.312500e-02 [Hz], velo_freq=2.500000e+00 [Hz]

omega[0]=3.337942e-01 omega[1]=3.337942e+00 omega[2]=3.337942e+01 
omc[0]=3.337942e-01 omc[1]=1.055550e+00 omc[2]=3.337942e+00 omc[3]=1.055550e+01 omc[4]=3.337942e+01 

  Assigned material properties
*** computing the time step ***
TIME accuracy order=4 CFL=1.30000000e+00 prel. time step=3.52400938e-03
*** Initialized Images
 Min source z-level: 5.000000e+03, max source z-level: 5.000000e+03
Filter precursor = 2.530337e-01

   Execution time, start up phase 5.58364487e+00 seconds 

----------------------------------------
          Setup time summary (average)
SBP+SG      BndryWind  InitPath  SetElastic  EvalResol  ViscoElastic  CheckPnt     DT     Image     SrcPrep
5.470e-05  3.659e-04  7.643e-04  1.628e-01  8.092e-04  4.745e+00  1.933e-05  3.684e-01  3.003e-01  5.309e-03  
Running sw4 on 1280 processors, using 2 threads/processor...
Writing output to directory: 1X3X6SimpleSource.sw4output/
Lowpass filtering all source time functions to corner frequency fc2=1.062500e+01

***  Starting solve ***
============================================================
 Running program on 1280 MPI tasks using the following data: 

 Start Time = 0 Goal Time = 15
 Number of time steps = 4257 dt: 0.00352361

============================================================
 Global boundary conditions 
      x=0    supergrid
      x=xMax supergrid
      y=0    supergrid
      y=yMax supergrid
      z=topo free surface
      z=zMax supergrid


-----------------------------------------------------------------------
  Total seismic moment (M0): 5e+15 Nm 
  Moment magnitude     (Mw): 4.39931
  Number of moment sources 1
-----------------------------------------------------------------------
  Initial data has been assigned
writing image plane on file 1X3X6SimpleSource.sw4output/image.cycle=0000.z=0.rho.sw4img

Reporting SW4 internal flags and settings:
m_testing=no, twilight=no, point_source=no, moment_test=no, energy_test=no, lamb_test=no, rayleigh_test=no
m_use_supergrid=yes
End report of internal flags and settings


   Execution time, initial data phase 20 minutes 3.807e+01 seconds 

  Begin time stepping...
writing image plane on file 1X3X6SimpleSource.sw4output/image.cycle=1419.z=0.hmax.sw4img
writing image plane on file 1X3X6SimpleSource.sw4output/image.cycle=1419.z=0.vmax.sw4img
writing image plane on file 1X3X6SimpleSource.sw4output/image.cycle=2838.z=0.hmax.sw4img
writing image plane on file 1X3X6SimpleSource.sw4output/image.cycle=2838.z=0.vmax.sw4img
Time step       1  t =   3.5236082e-03
Time step     101  t =   3.5588443e-01
Time step     201  t =   7.0824524e-01
Time step     301  t =   1.0606061e+00
Time step     401  t =   1.4129669e+00
Time step     501  t =   1.7653277e+00
Time step     601  t =   2.1176885e+00
Time step     701  t =   2.4700493e+00
Time step     801  t =   2.8224101e+00
Time step     901  t =   3.1747710e+00
Time step    1001  t =   3.5271318e+00
Time step    1101  t =   3.8794926e+00
Time step    1201  t =   4.2318534e+00
Time step    1301  t =   4.5842142e+00
Time step    1401  t =   4.9365751e+00
Time step    1501  t =   5.2889359e+00
Time step    1601  t =   5.6412967e+00
Time step    1701  t =   5.9936575e+00
Time step    1801  t =   6.3460183e+00
Time step    1901  t =   6.6983791e+00
Time step    2001  t =   7.0507400e+00
Time step    2101  t =   7.4031008e+00
Time step    2201  t =   7.7554616e+00
Time step    2301  t =   8.1078224e+00
Time step    2401  t =   8.4601832e+00
Time step    2501  t =   8.8125440e+00
Time step    2601  t =   9.1649049e+00
Time step    2701  t =   9.5172657e+00
Time step    2801  t =   9.8696265e+00
Time step    2901  t =   1.0221987e+01
Time step    3001  t =   1.0574348e+01
Time step    3101  t =   1.0926709e+01
Time step    3201  t =   1.1279070e+01
Time step    3301  t =   1.1631431e+01
Time step    3401  t =   1.1983791e+01
Time step    3501  t =   1.2336152e+01
Time step    3601  t =   1.2688513e+01
Time step    3701  t =   1.3040874e+01
Time step    3801  t =   1.3393235e+01
Time step    3901  t =   1.3745595e+01
Time step    4001  t =   1.4097956e+01
Time step    4101  t =   1.4450317e+01
Time step    4201  t =   1.4802678e+01
Time step    4257  t =   1.5000000e+01
  Time stepping finished...
    ==> Max wallclock time to open/write ESSI hdf5 output is 6.036e+04 seconds 

   Execution time, time stepping phase 16 hours 13 minutes 3.057e+00 seconds 

----------------------------------------
          Execution time summary (average)
Total      Div-stress Forcing    BC         SG         Comm.      MR       Img+T-Series Updates    ESSI
5.838e+04  2.849e+02  3.665e+00  2.292e+00  2.405e+01  3.602e+02  3.394e-02  1.604e+00  9.301e+01  5.761e+04  
----------------------------------------

============================================================
 program sw4 finished! 
============================================================
