----------------------------------------------------------------
            sw4 version 2.2-alpha

 This program comes with ABSOLUTELY NO WARRANTY; released under GPL.
 This is free software, and you are welcome to redistribute     
 it under certain conditions, see LICENSE.txt for more details  
----------------------------------------------------------------
  Compiled on: Tue Jun 11 12:52:40 PDT 2019
  By user:     houhun
  Machine:     cori04
  Compiler:    /opt/cray/pe/craype/2.5.15/bin/CC
  3rd party include dir: /global/project/projectdirs/m3354/sw4/cori-knl/include, and library dir: /global/project/projectdirs/m3354/sw4/cori-knl/lib
----------------------------------------------------------------

Input file: 10m1X3X6.sw4input
Default Supergrid thickness has been tuned; # grid points = 30 grid sizes
Default Supergrid damping coefficient has been tuned; damping coefficient = 2.00000000e-02

* Processing the grid command...
* Setting nx to 101 to be consistent with h=1.00000000e+01
* Setting ny to 301 to be consistent with h=1.00000000e+01
* Setting nz to 601 to be consistent with h=1.00000000e+01
Extent of the computational domain xmax=1.00000000e+03 ymax=3.00000000e+03 zmax=6.00000000e+03

*** No topography command found in input file. Using z=0 as free surface boundary ***


Global grid sizes (without ghost points)
Grid         h        Nx        Ny        Nz       Points
   0        10       101       301       601     18271001
Total number of grid points (without ghost points): 1.8271e+07



   Execution time, reading input file 1.06835127e-01 seconds 
  Using Bjorn's fast (parallel) IO library
Assuming a PARALLEL file system
Writing images from (up to) 32 procs
Detected at least one boundary with supergrid conditions
----------------------------------------------------
 Making Directory: 10m1X3X6.sw4output/
		
... Done!
----------------------------------------------------
Geographic and Cartesian coordinates of the corners of the computational grid:
0: Lon= -1.222463e+02, Lat=3.786980e+01, x=-1.396984e-09, y=2.255547e-09
1: Lon= -1.222462e+02, Lat=3.787881e+01, x=1.000000e+03, y=3.696186e-09
2: Lon= -1.222121e+02, Lat=3.787859e+01, x=1.000000e+03, y=3.000000e+03
3: Lon= -1.222122e+02, Lat=3.786958e+01, x=-1.455192e-09, y=3.000000e+03

Considering all material blocks
block command: outside = 121604, material = 18271001

       ----------- Material properties ranges ---------------
       2.00000000e+03 kg/m^3 <=  Density <= 2.00000000e+03 kg/m^3
       1.60000000e+03 m/s    <=  Vp      <= 1.60000000e+03 m/s
       4.25000000e+02 m/s    <=  Vs      <= 4.25000000e+02 m/s
       3.76470588e+00        <=  Vp/Vs   <= 3.76470588e+00
       3.61250000e+08 Pa     <=  mu      <= 3.61250000e+08 Pa
       4.39750000e+09 Pa     <=  lambda  <= 4.39750000e+09 Pa
       Using attenuation 
       2.12000000e+01        <=  Qs      <= 2.12000000e+01  
       4.25000000e+01        <=  Qp      <= 4.25000000e+01  
       ------------------------------------------------------

***** PPW = minVs/h/maxFrequency ********
g=0, h=1.000000e+01, minVs/h=42.5 (Cartesian)


*** Attenuation parameters calculated for 3 mechanisms,
      max freq=5.312500e+00 [Hz], min_freq=5.312500e-02 [Hz], velo_freq=2.500000e+00 [Hz]

omega[0]=3.337942e-01 omega[1]=3.337942e+00 omega[2]=3.337942e+01 
omc[0]=3.337942e-01 omc[1]=1.055550e+00 omc[2]=3.337942e+00 omc[3]=1.055550e+01 omc[4]=3.337942e+01 

  Assigned material properties
*** computing the time step ***
TIME accuracy order=4 CFL=1.30000000e+00 prel. time step=7.04801876e-03
*** Initialized Images
 Min source z-level: 5.000000e+03, max source z-level: 5.000000e+03
Filter precursor = 5.060674e-01

   Execution time, start up phase 1.76484609e+00 seconds 

----------------------------------------
          Setup time summary (average)
SBP+SG      BndryWind  InitPath  SetElastic  EvalResol  ViscoElastic  CheckPnt     DT     Image     SrcPrep
5.652e-05  2.300e-04  8.056e-04  8.020e-02  3.782e-04  1.171e+00  1.828e-05  1.618e-01  3.448e-01  5.457e-03  
Running sw4 on 1280 processors, using 2 threads/processor...
Writing output to directory: 10m1X3X6.sw4output/
Lowpass filtering all source time functions to corner frequency fc2=5.312500e+00

***  Starting solve ***
============================================================
 Running program on 1280 MPI tasks using the following data: 

 Start Time = 0 Goal Time = 20
 Number of time steps = 2838 dt: 0.00704722

============================================================
 Global boundary conditions 
      x=0    supergrid
      x=xMax supergrid
      y=0    supergrid
      y=yMax supergrid
      z=topo free surface
      z=zMax supergrid


-----------------------------------------------------------------------
  Total seismic moment (M0): 5e+15 Nm 
  Moment magnitude     (Mw): 4.39931
  Number of moment sources 1
-----------------------------------------------------------------------
  Initial data has been assigned
writing image plane on file 10m1X3X6.sw4output/image.cycle=0000.z=0.rho.sw4img

Reporting SW4 internal flags and settings:
m_testing=no, twilight=no, point_source=no, moment_test=no, energy_test=no, lamb_test=no, rayleigh_test=no
m_use_supergrid=yes
End report of internal flags and settings


   Execution time, initial data phase 5 minutes 1.740e+00 seconds 

  Begin time stepping...
